<?xml version="1.0" encoding="UTF-8"?>
<!-- Generated by org.testng.reporters.JUnitXMLReporter -->
<testsuite ignored="2" hostname="Windows-01" failures="0" tests="1" name="Default test" time="11.583" errors="0" timestamp="2023-04-25T22:24:12 IST">
  <testcase classname="s_testcases.Logintest_s" name="AssertLogin" time="4.807"/>
  <testcase classname="s_testcases.Logintest_s" name="DatafromExcel" time="0.0">
    <ignored/>
  </testcase> <!-- DatafromExcel -->
  <testcase classname="s_testcases.Logintest_s" name="SuccessLogin" time="0.0">
    <ignored/>
  </testcase> <!-- SuccessLogin -->
</testsuite> <!-- Default test -->
