<?xml version="1.0" encoding="UTF-8"?>
<!-- Generated by org.testng.reporters.JUnitXMLReporter -->
<testsuite ignored="0" hostname="Windows-01" failures="0" tests="3" name="Test" time="31.623" errors="0" timestamp="2023-04-25T22:23:42 IST">
  <testcase classname="s_testcases.Logintest_s" name="AssertLogin" time="4.82"/>
  <testcase classname="s_testcases.Logintest_s" name="DatafromExcel" time="4.825"/>
  <testcase classname="s_testcases.Logintest_s" name="SuccessLogin" time="4.729"/>
</testsuite> <!-- Test -->
