<?xml version="1.0" encoding="UTF-8"?>
<testng-results ignored="0" total="3" passed="3" failed="0" skipped="0">
  <reporter-output>
  </reporter-output>
  <suite started-at="2023-04-25T21:50:47 IST" name="Suite" finished-at="2023-04-25T21:51:17 IST" duration-ms="30343">
    <groups>
    </groups>
    <test started-at="2023-04-25T21:50:47 IST" name="Test" finished-at="2023-04-25T21:51:17 IST" duration-ms="30343">
      <class name="s_testcases.Logintest_s">
        <test-method is-config="true" signature="testdata()[pri:0, instance:s_testcases.Logintest_s@120f102b]" started-at="2023-04-25T21:50:47 IST" name="testdata" finished-at="2023-04-25T21:50:48 IST" duration-ms="1445" status="PASS">
          <reporter-output>
          </reporter-output>
        </test-method> <!-- testdata -->
        <test-method is-config="true" signature="setup()[pri:0, instance:s_testcases.Logintest_s@120f102b]" started-at="2023-04-25T21:50:48 IST" name="setup" finished-at="2023-04-25T21:50:52 IST" duration-ms="4227" status="PASS">
          <reporter-output>
          </reporter-output>
        </test-method> <!-- setup -->
        <test-method signature="AssertLogin()[pri:0, instance:s_testcases.Logintest_s@120f102b]" started-at="2023-04-25T21:50:52 IST" name="AssertLogin" finished-at="2023-04-25T21:50:57 IST" duration-ms="4788" status="PASS">
          <reporter-output>
          </reporter-output>
        </test-method> <!-- AssertLogin -->
        <test-method is-config="true" signature="quitbrowser()[pri:0, instance:s_testcases.Logintest_s@120f102b]" started-at="2023-04-25T21:50:57 IST" name="quitbrowser" finished-at="2023-04-25T21:50:57 IST" duration-ms="245" status="PASS">
          <reporter-output>
          </reporter-output>
        </test-method> <!-- quitbrowser -->
        <test-method is-config="true" signature="setup()[pri:0, instance:s_testcases.Logintest_s@120f102b]" started-at="2023-04-25T21:50:57 IST" name="setup" finished-at="2023-04-25T21:51:01 IST" duration-ms="3456" status="PASS">
          <reporter-output>
          </reporter-output>
        </test-method> <!-- setup -->
        <test-method signature="DatafromExcel()[pri:0, instance:s_testcases.Logintest_s@120f102b]" started-at="2023-04-25T21:51:01 IST" name="DatafromExcel" finished-at="2023-04-25T21:51:05 IST" duration-ms="4720" status="PASS">
          <reporter-output>
          </reporter-output>
        </test-method> <!-- DatafromExcel -->
        <test-method is-config="true" signature="quitbrowser()[pri:0, instance:s_testcases.Logintest_s@120f102b]" started-at="2023-04-25T21:51:05 IST" name="quitbrowser" finished-at="2023-04-25T21:51:07 IST" duration-ms="1252" status="PASS">
          <reporter-output>
          </reporter-output>
        </test-method> <!-- quitbrowser -->
        <test-method is-config="true" signature="setup()[pri:0, instance:s_testcases.Logintest_s@120f102b]" started-at="2023-04-25T21:51:07 IST" name="setup" finished-at="2023-04-25T21:51:10 IST" duration-ms="3621" status="PASS">
          <reporter-output>
          </reporter-output>
        </test-method> <!-- setup -->
        <test-method signature="SuccessLogin()[pri:0, instance:s_testcases.Logintest_s@120f102b]" started-at="2023-04-25T21:51:10 IST" name="SuccessLogin" finished-at="2023-04-25T21:51:15 IST" duration-ms="4780" status="PASS">
          <reporter-output>
          </reporter-output>
        </test-method> <!-- SuccessLogin -->
        <test-method is-config="true" signature="quitbrowser()[pri:0, instance:s_testcases.Logintest_s@120f102b]" started-at="2023-04-25T21:51:15 IST" name="quitbrowser" finished-at="2023-04-25T21:51:16 IST" duration-ms="1246" status="PASS">
          <reporter-output>
          </reporter-output>
        </test-method> <!-- quitbrowser -->
        <test-method is-config="true" signature="dataclose()[pri:0, instance:s_testcases.Logintest_s@120f102b]" started-at="2023-04-25T21:51:16 IST" name="dataclose" finished-at="2023-04-25T21:51:17 IST" duration-ms="490" status="PASS">
          <reporter-output>
          </reporter-output>
        </test-method> <!-- dataclose -->
      </class> <!-- s_testcases.Logintest_s -->
    </test> <!-- Test -->
  </suite> <!-- Suite -->
</testng-results>
