<?xml version="1.0" encoding="UTF-8"?>
<testsuite xmlns:xsi="http://www.w3.org/2001/XMLSchema-instance" xsi:noNamespaceSchemaLocation="https://maven.apache.org/surefire/maven-surefire-plugin/xsd/surefire-test-report-3.0.xsd" version="3.0" name="TestSuite" time="31.205" tests="3" errors="0" skipped="0" failures="0">
  <properties>
[...]
</properties>
  <testcase name="AssertLogin" classname="s_testcases.Logintest_s" time="4.793">
    <system-out><![CDATA[All the Testcases onStart:Test
Before executed
The Testcase onstart:AssertLogin
Errormessage: Mobile number already exists
The Testcase onsuccess:AssertLogin
]]></system-out>
    <system-err><![CDATA[Starting ChromeDriver 111.0.5563.64 (c710e93d5b63b7095afe8c2c17df34408078439d-refs/branch-heads/5563@{#995}) on port 10506
Only local connections are allowed.
Please see https://chromedriver.chromium.org/security-considerations for suggestions on keeping ChromeDriver safe.
ChromeDriver was started successfully.
[1682439650.338][WARNING]: This version of ChromeDriver has not been tested with Chrome version 112.
Apr 25, 2023 9:50:50 PM org.openqa.selenium.remote.ProtocolHandshake createSession
INFO: Detected dialect: W3C
]]></system-err>
  </testcase>
  <testcase name="DatafromExcel" classname="s_testcases.Logintest_s" time="4.72">
    <system-out><![CDATA[after executed
Before executed
The Testcase onstart:DatafromExcel
The Testcase onsuccess:DatafromExcel
]]></system-out>
    <system-err><![CDATA[Starting ChromeDriver 111.0.5563.64 (c710e93d5b63b7095afe8c2c17df34408078439d-refs/branch-heads/5563@{#995}) on port 31142
Only local connections are allowed.
Please see https://chromedriver.chromium.org/security-considerations for suggestions on keeping ChromeDriver safe.
ChromeDriver was started successfully.
[1682439658.845][WARNING]: This version of ChromeDriver has not been tested with Chrome version 112.
Apr 25, 2023 9:50:58 PM org.openqa.selenium.remote.ProtocolHandshake createSession
INFO: Detected dialect: W3C
]]></system-err>
  </testcase>
  <testcase name="SuccessLogin" classname="s_testcases.Logintest_s" time="4.779">
    <system-out><![CDATA[after executed
Before executed
The Testcase onstart:SuccessLogin
The Testcase onsuccess:SuccessLogin
]]></system-out>
    <system-err><![CDATA[Starting ChromeDriver 111.0.5563.64 (c710e93d5b63b7095afe8c2c17df34408078439d-refs/branch-heads/5563@{#995}) on port 33339
Only local connections are allowed.
Please see https://chromedriver.chromium.org/security-considerations for suggestions on keeping ChromeDriver safe.
ChromeDriver was started successfully.
[1682439668.300][WARNING]: This version of ChromeDriver has not been tested with Chrome version 112.
Apr 25, 2023 9:51:08 PM org.openqa.selenium.remote.ProtocolHandshake createSession
INFO: Detected dialect: W3C
]]></system-err>
  </testcase>
</testsuite>