<?xml version="1.0" encoding="UTF-8"?>
<testng-results ignored="2" total="3" passed="1" failed="0" skipped="0">
  <reporter-output>
  </reporter-output>
  <suite started-at="2023-04-25T22:24:01 IST" name="Default suite" finished-at="2023-04-25T22:24:12 IST" duration-ms="11583">
    <groups>
    </groups>
    <test started-at="2023-04-25T22:24:01 IST" name="Default test" finished-at="2023-04-25T22:24:12 IST" duration-ms="11583">
      <class name="s_testcases.Logintest_s">
        <test-method is-config="true" signature="testdata()[pri:0, instance:s_testcases.Logintest_s@4bb33f74]" started-at="2023-04-25T22:24:01 IST" name="testdata" finished-at="2023-04-25T22:24:02 IST" duration-ms="1000" status="PASS">
          <reporter-output>
          </reporter-output>
        </test-method> <!-- testdata -->
        <test-method is-config="true" signature="setup()[pri:0, instance:s_testcases.Logintest_s@4bb33f74]" started-at="2023-04-25T22:24:02 IST" name="setup" finished-at="2023-04-25T22:24:06 IST" duration-ms="4007" status="PASS">
          <reporter-output>
          </reporter-output>
        </test-method> <!-- setup -->
        <test-method signature="AssertLogin()[pri:0, instance:s_testcases.Logintest_s@4bb33f74]" started-at="2023-04-25T22:24:06 IST" name="AssertLogin" finished-at="2023-04-25T22:24:10 IST" duration-ms="4807" status="PASS">
          <reporter-output>
          </reporter-output>
        </test-method> <!-- AssertLogin -->
        <test-method is-config="true" signature="quitbrowser()[pri:0, instance:s_testcases.Logintest_s@4bb33f74]" started-at="2023-04-25T22:24:10 IST" name="quitbrowser" finished-at="2023-04-25T22:24:12 IST" duration-ms="1306" status="PASS">
          <reporter-output>
          </reporter-output>
        </test-method> <!-- quitbrowser -->
        <test-method is-config="true" signature="dataclose()[pri:0, instance:s_testcases.Logintest_s@4bb33f74]" started-at="2023-04-25T22:24:12 IST" name="dataclose" finished-at="2023-04-25T22:24:12 IST" duration-ms="413" status="PASS">
          <reporter-output>
          </reporter-output>
        </test-method> <!-- dataclose -->
      </class> <!-- s_testcases.Logintest_s -->
    </test> <!-- Default test -->
  </suite> <!-- Default suite -->
</testng-results>
